The target system is: Generic - 3.7.0 - x86
The host system is: Linux - 6.12.67-linuxkit - aarch64
Compiling the C compiler identification source file "CMakeCCompilerId.c" succeeded.
Compiler: /usr/bin/gcc 
Build flags: 
Id flags:  

The output was:
0


Compilation of the C compiler identification source "CMakeCCompilerId.c" produced "a.out"

The C compiler identification is GNU, found in "/work/VehicleOS-RT/build/CMakeFiles/3.22.1/CompilerIdC/a.out"

Compiling the CXX compiler identification source file "CMakeCXXCompilerId.cpp" succeeded.
Compiler: /usr/bin/gcc 
Build flags: 
Id flags:  

The output was:
0


Compilation of the CXX compiler identification source "CMakeCXXCompilerId.cpp" produced "a.out"

The CXX compiler identification is GNU, found in "/work/VehicleOS-RT/build/CMakeFiles/3.22.1/CompilerIdCXX/a.out"

Checking whether the ASM compiler is GNU using "--version" matched "(GNU assembler)|(GCC)|(Free Software Foundation)":
gcc (Ubuntu 11.4.0-1ubuntu1~22.04.2) 11.4.0
Copyright (C) 2021 Free Software Foundation, Inc.
This is free software; see the source for copying conditions.  There is NO
warranty; not even for MERCHANTABILITY or FITNESS FOR A PARTICULAR PURPOSE.

Performing C SOURCE FILE Test check_C_ succeeded with the following output:
Change Dir: /work/VehicleOS-RT/build/CMakeFiles/CMakeTmp

Run Build Command(s):/usr/bin/ninja cmTC_cf72f && [1/2] Building C object CMakeFiles/cmTC_cf72f.dir/src.c.obj
[2/2] Linking C executable cmTC_cf72f


Source file was:
int main(void) { return 0; }
Performing C SOURCE FILE Test check_C__ succeeded with the following output:
Change Dir: /work/VehicleOS-RT/build/CMakeFiles/CMakeTmp

Run Build Command(s):/usr/bin/ninja cmTC_ce91f && [1/2] Building C object CMakeFiles/cmTC_ce91f.dir/src.c.obj
[2/2] Linking C executable cmTC_ce91f


Source file was:
int main(void) { return 0; }
Performing C SOURCE FILE Test check_Wall_C_ succeeded with the following output:
Change Dir: /work/VehicleOS-RT/build/CMakeFiles/CMakeTmp

Run Build Command(s):/usr/bin/ninja cmTC_041d2 && [1/2] Building C object CMakeFiles/cmTC_041d2.dir/src.c.obj
[2/2] Linking C executable cmTC_041d2


Source file was:
int main(void) { return 0; }
Performing C SOURCE FILE Test check_Wformat__Wformat_security_C_ succeeded with the following output:
Change Dir: /work/VehicleOS-RT/build/CMakeFiles/CMakeTmp

Run Build Command(s):/usr/bin/ninja cmTC_d485e && [1/2] Building C object CMakeFiles/cmTC_d485e.dir/src.c.obj
[2/2] Linking C executable cmTC_d485e


Source file was:
int main(void) { return 0; }
Performing C SOURCE FILE Test check_Wformat__Wformat_zero_length_C_ succeeded with the following output:
Change Dir: /work/VehicleOS-RT/build/CMakeFiles/CMakeTmp

Run Build Command(s):/usr/bin/ninja cmTC_4f241 && [1/2] Building C object CMakeFiles/cmTC_4f241.dir/src.c.obj
[2/2] Linking C executable cmTC_4f241


Source file was:
int main(void) { return 0; }
Performing C SOURCE FILE Test check_Wdouble_promotion_C_ succeeded with the following output:
Change Dir: /work/VehicleOS-RT/build/CMakeFiles/CMakeTmp

Run Build Command(s):/usr/bin/ninja cmTC_fa9ad && [1/2] Building C object CMakeFiles/cmTC_fa9ad.dir/src.c.obj
[2/2] Linking C executable cmTC_fa9ad


Source file was:
int main(void) { return 0; }
Performing C SOURCE FILE Test check_Wpointer_sign_C_ succeeded with the following output:
Change Dir: /work/VehicleOS-RT/build/CMakeFiles/CMakeTmp

Run Build Command(s):/usr/bin/ninja cmTC_14473 && [1/2] Building C object CMakeFiles/cmTC_14473.dir/src.c.obj
[2/2] Linking C executable cmTC_14473


Source file was:
int main(void) { return 0; }
Performing C SOURCE FILE Test check_Wpointer_arith_C_ succeeded with the following output:
Change Dir: /work/VehicleOS-RT/build/CMakeFiles/CMakeTmp

Run Build Command(s):/usr/bin/ninja cmTC_f1700 && [1/2] Building C object CMakeFiles/cmTC_f1700.dir/src.c.obj
[2/2] Linking C executable cmTC_f1700


Source file was:
int main(void) { return 0; }
Performing C SOURCE FILE Test check_Wexpansion_to_defined_C_ succeeded with the following output:
Change Dir: /work/VehicleOS-RT/build/CMakeFiles/CMakeTmp

Run Build Command(s):/usr/bin/ninja cmTC_aad6b && [1/2] Building C object CMakeFiles/cmTC_aad6b.dir/src.c.obj
[2/2] Linking C executable cmTC_aad6b


Source file was:
int main(void) { return 0; }
Performing C SOURCE FILE Test check_Wlogical_op_C_ succeeded with the following output:
Change Dir: /work/VehicleOS-RT/build/CMakeFiles/CMakeTmp

Run Build Command(s):/usr/bin/ninja cmTC_b5831 && [1/2] Building C object CMakeFiles/cmTC_b5831.dir/src.c.obj
[2/2] Linking C executable cmTC_b5831


Source file was:
int main(void) { return 0; }
Performing C SOURCE FILE Test check_Wmissing_field_initializers_C_ succeeded with the following output:
Change Dir: /work/VehicleOS-RT/build/CMakeFiles/CMakeTmp

Run Build Command(s):/usr/bin/ninja cmTC_5b4d5 && [1/2] Building C object CMakeFiles/cmTC_5b4d5.dir/src.c.obj
[2/2] Linking C executable cmTC_5b4d5


Source file was:
int main(void) { return 0; }
Performing C SOURCE FILE Test check_Wpacked_bitfield_compat_C_ succeeded with the following output:
Change Dir: /work/VehicleOS-RT/build/CMakeFiles/CMakeTmp

Run Build Command(s):/usr/bin/ninja cmTC_e8d67 && [1/2] Building C object CMakeFiles/cmTC_e8d67.dir/src.c.obj
[2/2] Linking C executable cmTC_e8d67


Source file was:
int main(void) { return 0; }
Performing C SOURCE FILE Test check_Wvla_C_ succeeded with the following output:
Change Dir: /work/VehicleOS-RT/build/CMakeFiles/CMakeTmp

Run Build Command(s):/usr/bin/ninja cmTC_479c2 && [1/2] Building C object CMakeFiles/cmTC_479c2.dir/src.c.obj
[2/2] Linking C executable cmTC_479c2


Source file was:
int main(void) { return 0; }
Performing C SOURCE FILE Test check_Wunused_but_set_variable_C_ succeeded with the following output:
Change Dir: /work/VehicleOS-RT/build/CMakeFiles/CMakeTmp

Run Build Command(s):/usr/bin/ninja cmTC_77683 && [1/2] Building C object CMakeFiles/cmTC_77683.dir/src.c.obj
[2/2] Linking C executable cmTC_77683


Source file was:
int main(void) { return 0; }
Performing C SOURCE FILE Test check_Werror_implicit_int_C_ succeeded with the following output:
Change Dir: /work/VehicleOS-RT/build/CMakeFiles/CMakeTmp

Run Build Command(s):/usr/bin/ninja cmTC_7a21d && [1/2] Building C object CMakeFiles/cmTC_7a21d.dir/src.c.obj
[2/2] Linking C executable cmTC_7a21d


Source file was:
int main(void) { return 0; }
Performing C SOURCE FILE Test check_mstack_protector_guard_global_C_ succeeded with the following output:
Change Dir: /work/VehicleOS-RT/build/CMakeFiles/CMakeTmp

Run Build Command(s):/usr/bin/ninja cmTC_20875 && [1/2] Building C object CMakeFiles/cmTC_20875.dir/src.c.obj
[2/2] Linking C executable cmTC_20875


Source file was:
int main(void) { return 0; }
Performing C SOURCE FILE Test check_fno_freestanding_C_ succeeded with the following output:
Change Dir: /work/VehicleOS-RT/build/CMakeFiles/CMakeTmp

Run Build Command(s):/usr/bin/ninja cmTC_b7ca3 && [1/2] Building C object CMakeFiles/cmTC_b7ca3.dir/src.c.obj
[2/2] Linking C executable cmTC_b7ca3


Source file was:
int main(void) { return 0; }
Performing C SOURCE FILE Test check_ffreestanding_C_ succeeded with the following output:
Change Dir: /work/VehicleOS-RT/build/CMakeFiles/CMakeTmp

Run Build Command(s):/usr/bin/ninja cmTC_0238c && [1/2] Building C object CMakeFiles/cmTC_0238c.dir/src.c.obj
[2/2] Linking C executable cmTC_0238c


Source file was:
int main(void) { return 0; }
Performing C SOURCE FILE Test check_gdwarf_4_C_ succeeded with the following output:
Change Dir: /work/VehicleOS-RT/build/CMakeFiles/CMakeTmp

Run Build Command(s):/usr/bin/ninja cmTC_b1fb7 && [1/2] Building C object CMakeFiles/cmTC_b1fb7.dir/src.c.obj
[2/2] Linking C executable cmTC_b1fb7


Source file was:
int main(void) { return 0; }
Performing C SOURCE FILE Test check_C___Wl___print_memory_usage succeeded with the following output:
Change Dir: /work/VehicleOS-RT/build/CMakeFiles/CMakeTmp

Run Build Command(s):/usr/bin/ninja cmTC_5097f && [1/2] Building C object CMakeFiles/cmTC_5097f.dir/src.c.obj
[2/2] Linking C executable cmTC_5097f
Memory region         Used Size  Region Size  %age Used


Source file was:
int main(void) { return 0; }
Performing C SOURCE FILE Test check_C___pg succeeded with the following output:
Change Dir: /work/VehicleOS-RT/build/CMakeFiles/CMakeTmp

Run Build Command(s):/usr/bin/ninja cmTC_43f23 && [1/2] Building C object CMakeFiles/cmTC_43f23.dir/src.c.obj
[2/2] Linking C executable cmTC_43f23


Source file was:
int main(void) { return 0; }
Performing C SOURCE FILE Test check_C__Wl___gc_sections succeeded with the following output:
Change Dir: /work/VehicleOS-RT/build/CMakeFiles/CMakeTmp

Run Build Command(s):/usr/bin/ninja cmTC_8fd6e && [1/2] Building C object CMakeFiles/cmTC_8fd6e.dir/src.c.obj
[2/2] Linking C executable cmTC_8fd6e


Source file was:
int main(void) { return 0; }
Performing C SOURCE FILE Test check_C__Wl___build_id_none succeeded with the following output:
Change Dir: /work/VehicleOS-RT/build/CMakeFiles/CMakeTmp

Run Build Command(s):/usr/bin/ninja cmTC_f7c0b && [1/2] Building C object CMakeFiles/cmTC_f7c0b.dir/src.c.obj
[2/2] Linking C executable cmTC_f7c0b


Source file was:
int main(void) { return 0; }
Performing C SOURCE FILE Test check_C__Wl___sort_common_descending succeeded with the following output:
Change Dir: /work/VehicleOS-RT/build/CMakeFiles/CMakeTmp

Run Build Command(s):/usr/bin/ninja cmTC_de4b1 && [1/2] Building C object CMakeFiles/cmTC_de4b1.dir/src.c.obj
[2/2] Linking C executable cmTC_de4b1


Source file was:
int main(void) { return 0; }
Performing C SOURCE FILE Test check_C__Wl___sort_section_alignment succeeded with the following output:
Change Dir: /work/VehicleOS-RT/build/CMakeFiles/CMakeTmp

Run Build Command(s):/usr/bin/ninja cmTC_e52bb && [1/2] Building C object CMakeFiles/cmTC_e52bb.dir/src.c.obj
[2/2] Linking C executable cmTC_e52bb


Source file was:
int main(void) { return 0; }
Performing C SOURCE FILE Test check_C__nostdlib succeeded with the following output:
Change Dir: /work/VehicleOS-RT/build/CMakeFiles/CMakeTmp

Run Build Command(s):/usr/bin/ninja cmTC_af8ec && [1/2] Building C object CMakeFiles/cmTC_af8ec.dir/src.c.obj
[2/2] Linking C executable cmTC_af8ec
/usr/bin/ld: warning: cannot find entry symbol _start; defaulting to 00000000000002b4


Source file was:
int main(void) { return 0; }
Performing C SOURCE FILE Test check_C__static succeeded with the following output:
Change Dir: /work/VehicleOS-RT/build/CMakeFiles/CMakeTmp

Run Build Command(s):/usr/bin/ninja cmTC_f6ccc && [1/2] Building C object CMakeFiles/cmTC_f6ccc.dir/src.c.obj
[2/2] Linking C executable cmTC_f6ccc


Source file was:
int main(void) { return 0; }
Performing C SOURCE FILE Test check_C__Wl__X succeeded with the following output:
Change Dir: /work/VehicleOS-RT/build/CMakeFiles/CMakeTmp

Run Build Command(s):/usr/bin/ninja cmTC_34238 && [1/2] Building C object CMakeFiles/cmTC_34238.dir/src.c.obj
[2/2] Linking C executable cmTC_34238


Source file was:
int main(void) { return 0; }
Performing C SOURCE FILE Test check_C__Wl___orphan_handling_warn succeeded with the following output:
Change Dir: /work/VehicleOS-RT/build/CMakeFiles/CMakeTmp

Run Build Command(s):/usr/bin/ninja cmTC_3fce8 && [1/2] Building C object CMakeFiles/cmTC_3fce8.dir/src.c.obj
[2/2] Linking C executable cmTC_3fce8
/usr/bin/ld: warning: orphan section `.note.ABI-tag' from `/usr/lib/gcc/aarch64-linux-gnu/11/../../../aarch64-linux-gnu/Scrt1.o' being placed in section `.note.ABI-tag'
/usr/bin/ld: warning: orphan section `.rela.fini_array' from `/usr/lib/gcc/aarch64-linux-gnu/11/../../../aarch64-linux-gnu/Scrt1.o' being placed in section `.rela.dyn'
/usr/bin/ld: warning: orphan section `.rela.init_array' from `/usr/lib/gcc/aarch64-linux-gnu/11/../../../aarch64-linux-gnu/Scrt1.o' being placed in section `.rela.dyn'
/usr/bin/ld: warning: orphan section `.tm_clone_table' from `/usr/lib/gcc/aarch64-linux-gnu/11/crtbeginS.o' being placed in section `.tm_clone_table'
/usr/bin/ld: warning: orphan section `.tm_clone_table' from `/usr/lib/gcc/aarch64-linux-gnu/11/crtendS.o' being placed in section `.tm_clone_table'


Source file was:
int main(void) { return 0; }
Performing C SOURCE FILE Test check_fno_asynchronous_unwind_tables_C_ succeeded with the following output:
Change Dir: /work/VehicleOS-RT/build/CMakeFiles/CMakeTmp

Run Build Command(s):/usr/bin/ninja cmTC_7629e && [1/2] Building C object CMakeFiles/cmTC_7629e.dir/src.c.obj
[2/2] Linking C executable cmTC_7629e


Source file was:
int main(void) { return 0; }
Performing C SOURCE FILE Test check_fno_reorder_functions_C_ succeeded with the following output:
Change Dir: /work/VehicleOS-RT/build/CMakeFiles/CMakeTmp

Run Build Command(s):/usr/bin/ninja cmTC_caaa7 && [1/2] Building C object CMakeFiles/cmTC_caaa7.dir/src.c.obj
[2/2] Linking C executable cmTC_caaa7


Source file was:
int main(void) { return 0; }
Performing C SOURCE FILE Test check__param_min_pagesize_0_C_ succeeded with the following output:
Change Dir: /work/VehicleOS-RT/build/CMakeFiles/CMakeTmp

Run Build Command(s):/usr/bin/ninja cmTC_48097 && [1/2] Building C object CMakeFiles/cmTC_48097.dir/src.c.obj
[2/2] Linking C executable cmTC_48097


Source file was:
int main(void) { return 0; }
Performing C SOURCE FILE Test check_fno_defer_pop_C_ succeeded with the following output:
Change Dir: /work/VehicleOS-RT/build/CMakeFiles/CMakeTmp

Run Build Command(s):/usr/bin/ninja cmTC_29cf4 && [1/2] Building C object CMakeFiles/cmTC_29cf4.dir/src.c.obj
[2/2] Linking C executable cmTC_29cf4


Source file was:
int main(void) { return 0; }
Performing C SOURCE FILE Test check_fmacro_prefix_map__work_VehicleOS_RT_app_vehicleos_rt_mvp_CMAKE_SOURCE_DIR_C_ succeeded with the following output:
Change Dir: /work/VehicleOS-RT/build/CMakeFiles/CMakeTmp

Run Build Command(s):/usr/bin/ninja cmTC_d8f5b && [1/2] Building C object CMakeFiles/cmTC_d8f5b.dir/src.c.obj
[2/2] Linking C executable cmTC_d8f5b


Source file was:
int main(void) { return 0; }
Performing C SOURCE FILE Test check_fmacro_prefix_map__work_zephyr_ZEPHYR_BASE_C_ succeeded with the following output:
Change Dir: /work/VehicleOS-RT/build/CMakeFiles/CMakeTmp

Run Build Command(s):/usr/bin/ninja cmTC_0a6a7 && [1/2] Building C object CMakeFiles/cmTC_0a6a7.dir/src.c.obj
[2/2] Linking C executable cmTC_0a6a7


Source file was:
int main(void) { return 0; }
Performing C SOURCE FILE Test check_fmacro_prefix_map__work_WEST_TOPDIR_C_ succeeded with the following output:
Change Dir: /work/VehicleOS-RT/build/CMakeFiles/CMakeTmp

Run Build Command(s):/usr/bin/ninja cmTC_5a02e && [1/2] Building C object CMakeFiles/cmTC_5a02e.dir/src.c.obj
[2/2] Linking C executable cmTC_5a02e


Source file was:
int main(void) { return 0; }
Performing C SOURCE FILE Test check_ffunction_sections_C_ succeeded with the following output:
Change Dir: /work/VehicleOS-RT/build/CMakeFiles/CMakeTmp

Run Build Command(s):/usr/bin/ninja cmTC_a978f && [1/2] Building C object CMakeFiles/cmTC_a978f.dir/src.c.obj
[2/2] Linking C executable cmTC_a978f


Source file was:
int main(void) { return 0; }
Performing C SOURCE FILE Test check_fdata_sections_C_ succeeded with the following output:
Change Dir: /work/VehicleOS-RT/build/CMakeFiles/CMakeTmp

Run Build Command(s):/usr/bin/ninja cmTC_654e6 && [1/2] Building C object CMakeFiles/cmTC_654e6.dir/src.c.obj
[2/2] Linking C executable cmTC_654e6


Source file was:
int main(void) { return 0; }
